     1                                  bits 32         ; Assembling for the 32-bit architecture
     2                                  global start    ; Declare the 'start' label as the entry point of the program
     3                                  
     4                                  extern exit     ; Inform the assembler that the 'exit' symbol is external (defined in an external library)
     5                                  import exit msvcrt.dll  ; Specify that 'exit' is defined in the msvcrt.dll library
     6                                  
     7                                  section .data   ; Data section
     8 00000000 0200                        a dw 2 
     9 00000002 0300                        b dw 3 
    10 00000004 0A00                        c dw 10
    11 00000006 0000                        result dw 0
    12                                      
    13                                  section .text   ; Code section ;Am avut de rezolvat: b-(b+c)+a (ex20)
    14                                  start:
    15 00000000 66A1[00000000]              mov AX, [a]
    16 00000006 668B1D[02000000]            mov BX, [b]
    17 0000000D 668B0D[04000000]            mov CX, [c] 
    18                                      
    19                                      
    20 00000014 6601CB                      add BX, CX; b + c 
    21 00000017 6689DA                      mov DX, BX; DX = b + c
    22 0000001A 668B1D[02000000]            mov BX, [b]
    23 00000021 6629D3                      sub BX, DX; b - (b + c)
    24 00000024 6601C3                      add BX, AX; b-(b+c)+a
    25                                      
    26 00000027 66891D[06000000]            mov [result], BX
    27                                      
    28                                     
    29                                      
    30                                      
    31                                      ; Call 'exit(0)' to end the program (0 represents a success status)
    32 0000002E 6A00                        push dword 0  ; Push the parameter (status code) onto the stack
    33 00000030 FF15[00000000]              call [exit]   ; Call the 'exit' function to exit the program
    34                                      
